<?xml version="1.0" encoding="UTF-8"?>
<robot generator="Robot 6.0.2 (Python 3.11.2 on win32)" generated="20230305 10:45:13.366" rpa="false" schemaversion="3">
<suite id="s1" name="Suite" source="c:\robot\octadesk-appium-robot\suite.robot">
<test id="s1-t1" name="Ver meu Saldo" line="5">
<kw name="Open Application" library="AppiumLibrary">
<arg>http://127.0.0.1:4723/wd/hub</arg>
<arg>automationName=UiAutomator2</arg>
<arg>platformName=Android</arg>
<arg>deviceName=Octadesk</arg>
<arg>app=${EXECDIR}/app/nuclone.apk</arg>
<arg>udid=emulator-5554</arg>
<doc>Opens a new application to given Appium server.
Capabilities of appium server, Android and iOS,
Please check https://github.com/appium/appium/blob/master/docs/en/writing-running-appium/server-args.md
| *Option*            | *Man.* | *Description*     |
| remote_url          | Yes    | Appium server url |
| alias               | no     | alias             |
| strict_ssl          | No     | allows you to send commands to an invalid certificate host like a self-signed one. |</doc>
<status status="PASS" starttime="20230305 10:45:13.775" endtime="20230305 10:45:34.816"/>
</kw>
<status status="PASS" starttime="20230305 10:45:13.767" endtime="20230305 10:45:34.816"/>
</test>
<status status="PASS" starttime="20230305 10:45:13.382" endtime="20230305 10:45:34.816"/>
</suite>
<statistics>
<total>
<stat pass="1" fail="0" skip="0">All Tests</stat>
</total>
<tag>
</tag>
<suite>
<stat pass="1" fail="0" skip="0" id="s1" name="Suite">Suite</stat>
</suite>
</statistics>
<errors>
</errors>
</robot>
